0717-1851 b73fc7206ca15ce88523076de66a24a8 runner_test 
0717-2039 b73fc7206ca15ce88523076de66a24a8 runner_test 
0717-2051 b73fc7206ca15ce88523076de66a24a8 runner_test 
0717-2228 b73fc7206ca15ce88523076de66a24a8 runner_test 
0717-2237 b73fc7206ca15ce88523076de66a24a8 runner_test 
0717-2239 d1a4848af998ae50a92fc638a6475262 demo_with_test 
0717-2309 a8ff06b23cc2379edec414babd826fff monitor 
0717-2310 a8ff06b23cc2379edec414babd826fff monitor 
0717-2317 b4ff5c2e366f9f1b509fac492a660953 with_test 
0717-2336 a8ff06b23cc2379edec414babd826fff monitor 
0718-0849 df17795ae3b3145558b6e9fd89dfd017 CiscoInstall 
0316-0932 7692d77a8bf8b23de3dfad0cce19f269 Feb2020LtspUpdate 
0715-0945 051813e309549eed714a97d3b96fe68f July2020RunnerUpdate 
0715-0949 051813e309549eed714a97d3b96fe68f July2020RunnerUpdate 
0715-0957 051813e309549eed714a97d3b96fe68f July2020RunnerUpdate 
0720-0801 051813e309549eed714a97d3b96fe68f July2020RunnerUpdate 
0720-0809 051813e309549eed714a97d3b96fe68f July2020RunnerUpdate 
0720-0816 051813e309549eed714a97d3b96fe68f July2020RunnerUpdate 
0724-0908 ed961f6edcaf5c124f9ac66cc24c2aed July2020RunnerUpdatev3 
0724-0909 30bfd658e154241cb80d0c341ee40e59 July2020LtspUpdatev1 
0803-1302 9e66deedbced7a3c3c1b1b234303cc71 Aug2020RunnerUpdatev1 
0807-0748 0d78063501101f8bb878ccce3d743a65 Aug2020RunnerUpdatev3 
0810-1214 65dc56c523455fdb2d0f3ec5c0eee0e8 Aug2020RunnerUpdateV4 
0810-1216 062d45229de503aa84ab4e37f2e5f10c Aug2020LtspImageUpdateV1 
